anb460
* 793e39e 7th commit (5th on master).
*   8a02f3c 6th commit (4th on master).
|\  
| * ec68f0f 4th commit (2nd on testing).
* | a5411e2 5th commit (3rd on master).
|/  
* 8238373 3rd commit (1st on testing).
* 777f58a 2nd commit (2nd on master).
* 88e5565 1st commit (1st on master).
jpo286
*   86b7b58 9) Forth commit Branch1. Merging Branch2.
|\  
| *   711feca 7) Second commit. Branch2. Merging master
| |\  
| * | 072db06 4) First commit. Branch2
* | |   7f7e3b8 8) Third commit Branch1. Merging master
|\ \ \  
| | |/  
| |/|   
| * |   dbdddfe 5) Third commit Master. Merging Branch1
| |\ \  
| | |/  
| |/|   
| * | d5edeb6 3) Second commit. Master
* | | f590a88 6) Second commit. Branch1
| |/  
|/|   
* | 4849a7e 2) First commit. Branch1
|/  
* a4252f9 1) First commit. Master
