hx462
*   f39884e 9th commit (final destination).
|\  
| *   57d5c3e 6th commit.
| |\  
| * | fb1cb1d 5th commit (by task).
* | |   53b4749 8th commit.
|\ \ \  
| |_|/  
|/| |   
| * | 10f1b5f 7th commit (By task2).
* | |   41d70f7 4th commit.
|\ \ \  
| |/ /  
|/| /   
| |/    
| * 8f22700 2nd commit (1st on task).
* | e091ab2 3rd commit.
|/  
* 33041de 1st commit (1st on master).
kbr263
*   c265c97 Merge branch 'upwardBranch'
|\  
| *   035c035 position from:3,3&3,5 to:4,4 (upwardBranch)
| |\  
| * | 42d8e69 position from:2,4 to:3,5 (upwardBranch)
* | |   d46cdd8 position from:3,1&3,3 to:4,2 (master)
|\ \ \  
| |_|/  
|/| |   
| * | 48247e2 position from:2,2 to:3,1 (downwardBranch)
* | |   0604232 position from:2,2&2,4 to:3,3 (master)
|\ \ \  
| |/ /  
| | /   
| |/    
|/|     
| * 40e98d7 position from:1,3 to:2,2 (downwardBranch)
* | 19b1072 position from:1,3 to:2,4 (upwardBranch)
|/  
* 811f673 position from:init to:1,3 (master)