ap4395
*   8eb8a4a down from (4,2) to (5,3)
|\  
| *   6bf0eb9 top from (3,5) to (4,4)
| |\  
| * | d0217f8 top from (2,4) to (3,5)
* | |   3ba597a down from (3,1) to (4,2)
|\ \ \  
| |_|/  
|/| |   
| * | 012312b down from (2,2) to (3,1)
* | |   1a180af master from (2,2) to (3,3)
|\ \ \  
| |/ /  
|/| /   
| |/    
| * 24d0e0b top from (1,3) to (2,4)
* | 288b720 master from (1,3) to (2,2)
|/  
* dc4fef8 master from initial to (1,3)
rdp336
*   a15f3f6 Merge branch 'b1'
|\  
| *   ea447bf updating 5
| |\  
| * | 72177c2 updating 3
* | |   8ba0d38 Merge branch 'b2'
|\ \ \  
| | |/  
| |/|   
| * | e378c3f updating 2
| * |   9d24b7d Merge branch 'b1' into b2
| |\ \  
| | |/  
| | * 9d98d95 updating
| | * 208e34d b1
* | | f159f75 updating 4
|/ /  
* | 7f55934 updating
|/  
* 8ca3073 master1
